-------------------------------------------------------------------------------
Test set: gettingStarted.TestNGTest
-------------------------------------------------------------------------------
Tests run: 4, Failures: 4, Errors: 0, Skipped: 0, Time elapsed: 23.58 s <<< FAILURE! -- in gettingStarted.TestNGTest
gettingStarted.TestNGTest.testCreateNewEmployee -- Time elapsed: 5.921 s <<< FAILURE!
com.openai.errors.RateLimitException: 429: You exceeded your current quota, please check your plan and billing details. For more information on this error, read the docs: https://platform.openai.com/docs/guides/error-codes/api-errors.
	at com.openai.errors.RateLimitException$Builder.build(RateLimitException.kt:88)
	at com.openai.core.handlers.ErrorHandler$withErrorHandler$1.handle(ErrorHandler.kt:73)
	at com.openai.services.blocking.chat.ChatCompletionServiceImpl$WithRawResponseImpl$create$1.invoke(ChatCompletionServiceImpl.kt:121)
	at com.openai.services.blocking.chat.ChatCompletionServiceImpl$WithRawResponseImpl$create$1.invoke(ChatCompletionServiceImpl.kt:119)
	at com.openai.core.http.HttpResponseForKt$parseable$1$parsed$2.invoke(HttpResponseFor.kt:14)
	at kotlin.SynchronizedLazyImpl.getValue(LazyJVM.kt:74)
	at com.openai.core.http.HttpResponseForKt$parseable$1.getParsed(HttpResponseFor.kt:14)
	at com.openai.core.http.HttpResponseForKt$parseable$1.parse(HttpResponseFor.kt:16)
	at com.openai.services.blocking.chat.ChatCompletionServiceImpl.create(ChatCompletionServiceImpl.kt:55)
	at com.openai.services.blocking.chat.ChatCompletionService.create(ChatCompletionService.kt:48)
	at utilities.OpenAIHelper.GetLocatorsForPageAsJson(OpenAIHelper.java:25)
	at gettingStarted.TestNGTest.testCreateNewEmployee(TestNGTest.java:72)
	at java.base/jdk.internal.reflect.DirectMethodHandleAccessor.invoke(DirectMethodHandleAccessor.java:104)
	at java.base/java.lang.reflect.Method.invoke(Method.java:565)
	at org.testng.internal.invokers.MethodInvocationHelper.invokeMethod(MethodInvocationHelper.java:139)
	at org.testng.internal.invokers.TestInvoker.invokeMethod(TestInvoker.java:664)
	at org.testng.internal.invokers.TestInvoker.invokeTestMethod(TestInvoker.java:228)
	at org.testng.internal.invokers.MethodRunner.runInSequence(MethodRunner.java:63)
	at org.testng.internal.invokers.TestInvoker$MethodInvocationAgent.invoke(TestInvoker.java:961)
	at org.testng.internal.invokers.TestInvoker.invokeTestMethods(TestInvoker.java:201)
	at org.testng.internal.invokers.TestMethodWorker.invokeTestMethods(TestMethodWorker.java:148)
	at org.testng.internal.invokers.TestMethodWorker.run(TestMethodWorker.java:128)
	at java.base/java.util.ArrayList.forEach(ArrayList.java:1604)
	at org.testng.TestRunner.privateRun(TestRunner.java:819)
	at org.testng.TestRunner.run(TestRunner.java:619)
	at org.testng.SuiteRunner.runTest(SuiteRunner.java:443)
	at org.testng.SuiteRunner.runSequentially(SuiteRunner.java:437)
	at org.testng.SuiteRunner.privateRun(SuiteRunner.java:397)
	at org.testng.SuiteRunner.run(SuiteRunner.java:336)
	at org.testng.SuiteRunnerWorker.runSuite(SuiteRunnerWorker.java:52)
	at org.testng.SuiteRunnerWorker.run(SuiteRunnerWorker.java:95)
	at org.testng.TestNG.runSuitesSequentially(TestNG.java:1301)
	at org.testng.TestNG.runSuitesLocally(TestNG.java:1228)
	at org.testng.TestNG.runSuites(TestNG.java:1134)
	at org.testng.TestNG.run(TestNG.java:1101)
	at org.apache.maven.surefire.testng.TestNGExecutor.run(TestNGExecutor.java:155)
	at org.apache.maven.surefire.testng.TestNGDirectoryTestSuite.executeSingleClass(TestNGDirectoryTestSuite.java:102)
	at org.apache.maven.surefire.testng.TestNGDirectoryTestSuite.execute(TestNGDirectoryTestSuite.java:91)
	at org.apache.maven.surefire.testng.TestNGProvider.invoke(TestNGProvider.java:137)
	at org.apache.maven.surefire.booter.ForkedBooter.runSuitesInProcess(ForkedBooter.java:385)
	at org.apache.maven.surefire.booter.ForkedBooter.execute(ForkedBooter.java:162)
	at org.apache.maven.surefire.booter.ForkedBooter.run(ForkedBooter.java:507)
	at org.apache.maven.surefire.booter.ForkedBooter.main(ForkedBooter.java:495)

gettingStarted.TestNGTest.testEmployeeListNavigation -- Time elapsed: 3.520 s <<< FAILURE!
com.openai.errors.RateLimitException: 429: You exceeded your current quota, please check your plan and billing details. For more information on this error, read the docs: https://platform.openai.com/docs/guides/error-codes/api-errors.
	at com.openai.errors.RateLimitException$Builder.build(RateLimitException.kt:88)
	at com.openai.core.handlers.ErrorHandler$withErrorHandler$1.handle(ErrorHandler.kt:73)
	at com.openai.services.blocking.chat.ChatCompletionServiceImpl$WithRawResponseImpl$create$1.invoke(ChatCompletionServiceImpl.kt:121)
	at com.openai.services.blocking.chat.ChatCompletionServiceImpl$WithRawResponseImpl$create$1.invoke(ChatCompletionServiceImpl.kt:119)
	at com.openai.core.http.HttpResponseForKt$parseable$1$parsed$2.invoke(HttpResponseFor.kt:14)
	at kotlin.SynchronizedLazyImpl.getValue(LazyJVM.kt:74)
	at com.openai.core.http.HttpResponseForKt$parseable$1.getParsed(HttpResponseFor.kt:14)
	at com.openai.core.http.HttpResponseForKt$parseable$1.parse(HttpResponseFor.kt:16)
	at com.openai.services.blocking.chat.ChatCompletionServiceImpl.create(ChatCompletionServiceImpl.kt:55)
	at com.openai.services.blocking.chat.ChatCompletionService.create(ChatCompletionService.kt:48)
	at utilities.OpenAIHelper.GetLocatorsForPageAsJson(OpenAIHelper.java:25)
	at gettingStarted.TestNGTest.testEmployeeListNavigation(TestNGTest.java:64)
	at java.base/jdk.internal.reflect.DirectMethodHandleAccessor.invoke(DirectMethodHandleAccessor.java:104)
	at java.base/java.lang.reflect.Method.invoke(Method.java:565)
	at org.testng.internal.invokers.MethodInvocationHelper.invokeMethod(MethodInvocationHelper.java:139)
	at org.testng.internal.invokers.TestInvoker.invokeMethod(TestInvoker.java:664)
	at org.testng.internal.invokers.TestInvoker.invokeTestMethod(TestInvoker.java:228)
	at org.testng.internal.invokers.MethodRunner.runInSequence(MethodRunner.java:63)
	at org.testng.internal.invokers.TestInvoker$MethodInvocationAgent.invoke(TestInvoker.java:961)
	at org.testng.internal.invokers.TestInvoker.invokeTestMethods(TestInvoker.java:201)
	at org.testng.internal.invokers.TestMethodWorker.invokeTestMethods(TestMethodWorker.java:148)
	at org.testng.internal.invokers.TestMethodWorker.run(TestMethodWorker.java:128)
	at java.base/java.util.ArrayList.forEach(ArrayList.java:1604)
	at org.testng.TestRunner.privateRun(TestRunner.java:819)
	at org.testng.TestRunner.run(TestRunner.java:619)
	at org.testng.SuiteRunner.runTest(SuiteRunner.java:443)
	at org.testng.SuiteRunner.runSequentially(SuiteRunner.java:437)
	at org.testng.SuiteRunner.privateRun(SuiteRunner.java:397)
	at org.testng.SuiteRunner.run(SuiteRunner.java:336)
	at org.testng.SuiteRunnerWorker.runSuite(SuiteRunnerWorker.java:52)
	at org.testng.SuiteRunnerWorker.run(SuiteRunnerWorker.java:95)
	at org.testng.TestNG.runSuitesSequentially(TestNG.java:1301)
	at org.testng.TestNG.runSuitesLocally(TestNG.java:1228)
	at org.testng.TestNG.runSuites(TestNG.java:1134)
	at org.testng.TestNG.run(TestNG.java:1101)
	at org.apache.maven.surefire.testng.TestNGExecutor.run(TestNGExecutor.java:155)
	at org.apache.maven.surefire.testng.TestNGDirectoryTestSuite.executeSingleClass(TestNGDirectoryTestSuite.java:102)
	at org.apache.maven.surefire.testng.TestNGDirectoryTestSuite.execute(TestNGDirectoryTestSuite.java:91)
	at org.apache.maven.surefire.testng.TestNGProvider.invoke(TestNGProvider.java:137)
	at org.apache.maven.surefire.booter.ForkedBooter.runSuitesInProcess(ForkedBooter.java:385)
	at org.apache.maven.surefire.booter.ForkedBooter.execute(ForkedBooter.java:162)
	at org.apache.maven.surefire.booter.ForkedBooter.run(ForkedBooter.java:507)
	at org.apache.maven.surefire.booter.ForkedBooter.main(ForkedBooter.java:495)

gettingStarted.TestNGTest.testFillEmployeeDetails -- Time elapsed: 2.873 s <<< FAILURE!
com.openai.errors.RateLimitException: 429: You exceeded your current quota, please check your plan and billing details. For more information on this error, read the docs: https://platform.openai.com/docs/guides/error-codes/api-errors.
	at com.openai.errors.RateLimitException$Builder.build(RateLimitException.kt:88)
	at com.openai.core.handlers.ErrorHandler$withErrorHandler$1.handle(ErrorHandler.kt:73)
	at com.openai.services.blocking.chat.ChatCompletionServiceImpl$WithRawResponseImpl$create$1.invoke(ChatCompletionServiceImpl.kt:121)
	at com.openai.services.blocking.chat.ChatCompletionServiceImpl$WithRawResponseImpl$create$1.invoke(ChatCompletionServiceImpl.kt:119)
	at com.openai.core.http.HttpResponseForKt$parseable$1$parsed$2.invoke(HttpResponseFor.kt:14)
	at kotlin.SynchronizedLazyImpl.getValue(LazyJVM.kt:74)
	at com.openai.core.http.HttpResponseForKt$parseable$1.getParsed(HttpResponseFor.kt:14)
	at com.openai.core.http.HttpResponseForKt$parseable$1.parse(HttpResponseFor.kt:16)
	at com.openai.services.blocking.chat.ChatCompletionServiceImpl.create(ChatCompletionServiceImpl.kt:55)
	at com.openai.services.blocking.chat.ChatCompletionService.create(ChatCompletionService.kt:48)
	at utilities.OpenAIHelper.GetLocatorsForPageAsJson(OpenAIHelper.java:25)
	at gettingStarted.TestNGTest.testFillEmployeeDetails(TestNGTest.java:80)
	at java.base/jdk.internal.reflect.DirectMethodHandleAccessor.invoke(DirectMethodHandleAccessor.java:104)
	at java.base/java.lang.reflect.Method.invoke(Method.java:565)
	at org.testng.internal.invokers.MethodInvocationHelper.invokeMethod(MethodInvocationHelper.java:139)
	at org.testng.internal.invokers.TestInvoker.invokeMethod(TestInvoker.java:664)
	at org.testng.internal.invokers.TestInvoker.invokeTestMethod(TestInvoker.java:228)
	at org.testng.internal.invokers.MethodRunner.runInSequence(MethodRunner.java:63)
	at org.testng.internal.invokers.TestInvoker$MethodInvocationAgent.invoke(TestInvoker.java:961)
	at org.testng.internal.invokers.TestInvoker.invokeTestMethods(TestInvoker.java:201)
	at org.testng.internal.invokers.TestMethodWorker.invokeTestMethods(TestMethodWorker.java:148)
	at org.testng.internal.invokers.TestMethodWorker.run(TestMethodWorker.java:128)
	at java.base/java.util.ArrayList.forEach(ArrayList.java:1604)
	at org.testng.TestRunner.privateRun(TestRunner.java:819)
	at org.testng.TestRunner.run(TestRunner.java:619)
	at org.testng.SuiteRunner.runTest(SuiteRunner.java:443)
	at org.testng.SuiteRunner.runSequentially(SuiteRunner.java:437)
	at org.testng.SuiteRunner.privateRun(SuiteRunner.java:397)
	at org.testng.SuiteRunner.run(SuiteRunner.java:336)
	at org.testng.SuiteRunnerWorker.runSuite(SuiteRunnerWorker.java:52)
	at org.testng.SuiteRunnerWorker.run(SuiteRunnerWorker.java:95)
	at org.testng.TestNG.runSuitesSequentially(TestNG.java:1301)
	at org.testng.TestNG.runSuitesLocally(TestNG.java:1228)
	at org.testng.TestNG.runSuites(TestNG.java:1134)
	at org.testng.TestNG.run(TestNG.java:1101)
	at org.apache.maven.surefire.testng.TestNGExecutor.run(TestNGExecutor.java:155)
	at org.apache.maven.surefire.testng.TestNGDirectoryTestSuite.executeSingleClass(TestNGDirectoryTestSuite.java:102)
	at org.apache.maven.surefire.testng.TestNGDirectoryTestSuite.execute(TestNGDirectoryTestSuite.java:91)
	at org.apache.maven.surefire.testng.TestNGProvider.invoke(TestNGProvider.java:137)
	at org.apache.maven.surefire.booter.ForkedBooter.runSuitesInProcess(ForkedBooter.java:385)
	at org.apache.maven.surefire.booter.ForkedBooter.execute(ForkedBooter.java:162)
	at org.apache.maven.surefire.booter.ForkedBooter.run(ForkedBooter.java:507)
	at org.apache.maven.surefire.booter.ForkedBooter.main(ForkedBooter.java:495)

gettingStarted.TestNGTest.testLoginForUserFromAI -- Time elapsed: 2.589 s <<< FAILURE!
com.openai.errors.RateLimitException: 429: You exceeded your current quota, please check your plan and billing details. For more information on this error, read the docs: https://platform.openai.com/docs/guides/error-codes/api-errors.
	at com.openai.errors.RateLimitException$Builder.build(RateLimitException.kt:88)
	at com.openai.core.handlers.ErrorHandler$withErrorHandler$1.handle(ErrorHandler.kt:73)
	at com.openai.services.blocking.chat.ChatCompletionServiceImpl$WithRawResponseImpl$create$1.invoke(ChatCompletionServiceImpl.kt:121)
	at com.openai.services.blocking.chat.ChatCompletionServiceImpl$WithRawResponseImpl$create$1.invoke(ChatCompletionServiceImpl.kt:119)
	at com.openai.core.http.HttpResponseForKt$parseable$1$parsed$2.invoke(HttpResponseFor.kt:14)
	at kotlin.SynchronizedLazyImpl.getValue(LazyJVM.kt:74)
	at com.openai.core.http.HttpResponseForKt$parseable$1.getParsed(HttpResponseFor.kt:14)
	at com.openai.core.http.HttpResponseForKt$parseable$1.parse(HttpResponseFor.kt:16)
	at com.openai.services.blocking.chat.ChatCompletionServiceImpl.create(ChatCompletionServiceImpl.kt:55)
	at com.openai.services.blocking.chat.ChatCompletionService.create(ChatCompletionService.kt:48)
	at utilities.OpenAIHelper.GetLocatorsForPageAsJson(OpenAIHelper.java:25)
	at gettingStarted.TestNGTest.testLoginForUserFromAI(TestNGTest.java:56)
	at java.base/jdk.internal.reflect.DirectMethodHandleAccessor.invoke(DirectMethodHandleAccessor.java:104)
	at java.base/java.lang.reflect.Method.invoke(Method.java:565)
	at org.testng.internal.invokers.MethodInvocationHelper.invokeMethod(MethodInvocationHelper.java:139)
	at org.testng.internal.invokers.TestInvoker.invokeMethod(TestInvoker.java:664)
	at org.testng.internal.invokers.TestInvoker.invokeTestMethod(TestInvoker.java:228)
	at org.testng.internal.invokers.MethodRunner.runInSequence(MethodRunner.java:63)
	at org.testng.internal.invokers.TestInvoker$MethodInvocationAgent.invoke(TestInvoker.java:961)
	at org.testng.internal.invokers.TestInvoker.invokeTestMethods(TestInvoker.java:201)
	at org.testng.internal.invokers.TestMethodWorker.invokeTestMethods(TestMethodWorker.java:148)
	at org.testng.internal.invokers.TestMethodWorker.run(TestMethodWorker.java:128)
	at java.base/java.util.ArrayList.forEach(ArrayList.java:1604)
	at org.testng.TestRunner.privateRun(TestRunner.java:819)
	at org.testng.TestRunner.run(TestRunner.java:619)
	at org.testng.SuiteRunner.runTest(SuiteRunner.java:443)
	at org.testng.SuiteRunner.runSequentially(SuiteRunner.java:437)
	at org.testng.SuiteRunner.privateRun(SuiteRunner.java:397)
	at org.testng.SuiteRunner.run(SuiteRunner.java:336)
	at org.testng.SuiteRunnerWorker.runSuite(SuiteRunnerWorker.java:52)
	at org.testng.SuiteRunnerWorker.run(SuiteRunnerWorker.java:95)
	at org.testng.TestNG.runSuitesSequentially(TestNG.java:1301)
	at org.testng.TestNG.runSuitesLocally(TestNG.java:1228)
	at org.testng.TestNG.runSuites(TestNG.java:1134)
	at org.testng.TestNG.run(TestNG.java:1101)
	at org.apache.maven.surefire.testng.TestNGExecutor.run(TestNGExecutor.java:155)
	at org.apache.maven.surefire.testng.TestNGDirectoryTestSuite.executeSingleClass(TestNGDirectoryTestSuite.java:102)
	at org.apache.maven.surefire.testng.TestNGDirectoryTestSuite.execute(TestNGDirectoryTestSuite.java:91)
	at org.apache.maven.surefire.testng.TestNGProvider.invoke(TestNGProvider.java:137)
	at org.apache.maven.surefire.booter.ForkedBooter.runSuitesInProcess(ForkedBooter.java:385)
	at org.apache.maven.surefire.booter.ForkedBooter.execute(ForkedBooter.java:162)
	at org.apache.maven.surefire.booter.ForkedBooter.run(ForkedBooter.java:507)
	at org.apache.maven.surefire.booter.ForkedBooter.main(ForkedBooter.java:495)

